2022-08-26 12:34:53,169:INFO:Test started
2022-08-26 12:34:58,233:INFO:Web browser opened
2022-08-26 12:34:58,356:INFO:Web browser maximized
2022-08-26 12:34:58,356:INFO:Login page opened
2022-08-26 12:52:55,932:INFO:Test started
2022-08-26 12:53:00,784:INFO:Web browser opened
2022-08-26 12:53:00,913:INFO:Web browser maximized
2022-08-26 12:53:00,920:INFO:Login page opened
2022-08-26 12:53:54,137:INFO:Test started
2022-08-26 12:53:59,139:INFO:Web browser opened
2022-08-26 12:53:59,265:INFO:Web browser maximized
2022-08-26 12:53:59,276:INFO:Login page opened
2022-08-26 12:55:31,473:INFO:Test started
2022-08-26 12:55:36,375:INFO:Web browser opened
2022-08-26 12:55:36,503:INFO:Web browser maximized
2022-08-26 12:55:36,514:INFO:Login page opened
2022-08-26 12:55:47,747:INFO:Web browser opened
2022-08-26 12:55:47,865:INFO:Web browser maximized
2022-08-26 12:55:47,865:INFO:Login page opened
2022-08-26 12:55:58,238:INFO:Web browser opened
2022-08-26 12:55:58,365:INFO:Web browser maximized
2022-08-26 12:55:58,365:INFO:Login page opened
2022-08-29 13:30:44,864:INFO:Creating report directory
2022-08-29 13:30:44,866:INFO:Test started
2022-08-29 13:30:50,183:INFO:Web browser opened
2022-08-29 13:30:50,300:INFO:Web browser maximized
2022-08-29 13:30:50,300:INFO:Login page opened
2022-08-29 13:34:47,482:INFO:Creating report directory
2022-08-29 13:34:47,483:INFO:Test started
2022-08-29 13:34:52,643:INFO:Web browser opened
2022-08-29 13:34:52,771:INFO:Web browser maximized
2022-08-29 13:34:52,780:INFO:Login page opened
2022-08-29 18:59:54,048:INFO:Creating report directory
2022-08-29 18:59:54,048:INFO:Test started
2022-08-29 18:59:59,162:INFO:Web browser opened
2022-08-29 18:59:59,283:INFO:Web browser maximized
2022-08-29 18:59:59,283:INFO:Login page opened
2022-08-29 19:00:08,909:INFO:Web browser opened
2022-08-29 19:00:09,032:INFO:Web browser maximized
2022-08-29 19:00:09,032:INFO:Login page opened
2022-08-29 19:00:18,927:INFO:Web browser opened
2022-08-29 19:00:19,046:INFO:Web browser maximized
2022-08-29 19:00:19,055:INFO:Login page opened
2022-08-30 00:25:35,440:INFO:Creating report directory
2022-08-30 00:25:35,440:INFO:Test started
2022-08-30 00:25:44,149:INFO:Web browser opened
2022-08-30 00:25:44,273:INFO:Web browser maximized
2022-08-30 00:25:44,282:INFO:Login page opened
2022-08-30 00:26:36,899:INFO:Creating report directory
2022-08-30 00:26:36,899:INFO:Test started
2022-08-30 00:26:49,188:INFO:Web browser opened
2022-08-30 00:26:49,320:INFO:Web browser maximized
2022-08-30 00:26:49,331:INFO:Login page opened
2022-08-30 00:27:04,577:INFO:Web browser opened
2022-08-30 00:27:04,713:INFO:Web browser maximized
2022-08-30 00:27:04,723:INFO:Login page opened
2022-08-30 00:27:22,831:INFO:Web browser opened
2022-08-30 00:27:22,958:INFO:Web browser maximized
2022-08-30 00:27:22,969:INFO:Login page opened
2022-08-30 00:27:43,301:INFO:Web browser opened
2022-08-30 00:27:43,438:INFO:Web browser maximized
2022-08-30 00:27:43,438:INFO:Login page opened
2022-08-30 00:28:01,383:INFO:Web browser opened
2022-08-30 00:28:01,520:INFO:Web browser maximized
2022-08-30 00:28:01,520:INFO:Login page opened
2022-08-30 00:28:17,049:INFO:Web browser opened
2022-08-30 00:28:17,179:INFO:Web browser maximized
2022-08-30 00:28:17,185:INFO:Login page opened
2022-08-30 11:30:22,218:INFO:Creating report directory
2022-08-30 11:30:22,218:INFO:Test started
2022-08-30 11:30:32,678:INFO:Web browser opened
2022-08-30 11:30:32,799:INFO:Web browser maximized
2022-08-30 11:30:32,799:INFO:Login page opened
2022-09-06 11:59:17,606:INFO:Creating report directory
2022-09-06 11:59:17,606:INFO:Test started
2022-09-06 11:59:22,655:INFO:Web browser opened
2022-09-06 11:59:22,775:INFO:Web browser maximized
2022-09-06 11:59:22,786:INFO:Login page opened
2022-09-06 11:59:32,695:INFO:Web browser opened
2022-09-06 11:59:32,805:INFO:Web browser maximized
2022-09-06 11:59:32,815:INFO:Login page opened
2022-09-06 11:59:42,678:INFO:Web browser opened
2022-09-06 11:59:42,795:INFO:Web browser maximized
2022-09-06 11:59:42,805:INFO:Login page opened
2022-09-06 11:59:52,865:INFO:Web browser opened
2022-09-06 11:59:52,980:INFO:Web browser maximized
2022-09-06 11:59:52,990:INFO:Login page opened
2022-09-06 12:00:02,863:INFO:Web browser opened
2022-09-06 12:00:02,981:INFO:Web browser maximized
2022-09-06 12:00:02,991:INFO:Login page opened
2022-09-06 12:00:12,613:INFO:Web browser opened
2022-09-06 12:00:12,736:INFO:Web browser maximized
2022-09-06 12:00:12,748:INFO:Login page opened
2022-09-06 12:02:10,126:INFO:Creating report directory
2022-09-06 12:02:10,128:INFO:Test started
2022-09-06 15:46:27,360:INFO:Creating report directory
2022-09-06 15:46:27,360:INFO:Test started
2022-09-06 15:46:32,790:INFO:Web browser opened
2022-09-06 15:46:32,910:INFO:Web browser maximized
2022-09-06 15:46:32,920:INFO:Login page opened
2022-09-06 15:47:07,330:INFO:Creating report directory
2022-09-06 15:47:07,330:INFO:Test started
2022-09-06 15:47:13,711:INFO:Web browser opened
2022-09-06 15:47:13,837:INFO:Web browser maximized
2022-09-06 15:47:13,845:INFO:Login page opened
2022-09-06 15:51:38,770:INFO:Creating report directory
2022-09-06 15:51:38,770:INFO:Test started
2022-09-06 15:51:54,038:INFO:Web browser opened
2022-09-06 15:51:54,168:INFO:Web browser maximized
2022-09-06 15:51:54,178:INFO:Login page opened
2022-09-06 15:55:47,284:INFO:Creating report directory
2022-09-06 15:55:47,284:INFO:Test started
2022-09-06 15:56:00,018:INFO:Web browser opened
2022-09-06 15:56:00,142:INFO:Web browser maximized
2022-09-06 15:56:00,147:INFO:Login page opened
2022-09-06 15:56:38,808:INFO:Creating report directory
2022-09-06 15:56:38,818:INFO:Test started
2022-09-06 15:56:53,326:INFO:Web browser opened
2022-09-06 15:56:53,465:INFO:Web browser maximized
2022-09-06 15:56:53,475:INFO:Login page opened
2022-09-06 15:57:34,414:INFO:Creating report directory
2022-09-06 15:57:34,414:INFO:Test started
2022-09-06 15:57:43,332:INFO:Web browser opened
2022-09-06 15:57:43,455:INFO:Web browser maximized
2022-09-06 15:57:43,455:INFO:Login page opened
2022-09-06 15:58:03,819:INFO:Web browser opened
2022-09-06 15:58:03,956:INFO:Web browser maximized
2022-09-06 15:58:03,965:INFO:Login page opened
2022-09-06 15:58:15,226:INFO:Web browser opened
2022-09-06 15:58:15,372:INFO:Web browser maximized
2022-09-06 15:58:15,382:INFO:Login page opened
2022-09-06 15:58:32,368:INFO:Web browser opened
2022-09-06 15:58:32,507:INFO:Web browser maximized
2022-09-06 15:58:32,517:INFO:Login page opened
2022-09-06 15:58:47,028:INFO:Web browser opened
2022-09-06 15:58:47,158:INFO:Web browser maximized
2022-09-06 15:58:47,166:INFO:Login page opened
2022-09-06 15:59:03,717:INFO:Web browser opened
2022-09-06 15:59:03,865:INFO:Web browser maximized
2022-09-06 15:59:03,866:INFO:Login page opened
